SF:lib/data/app_db/app_db.g.dart
DA:16,1
DA:22,0
DA:27,0
DA:28,0
DA:29,0
DA:30,0
DA:31,0
DA:37,0
DA:38,0
DA:39,0
DA:40,0
DA:41,0
DA:45,0
DA:50,0
DA:51,0
DA:52,0
DA:53,0
DA:54,0
DA:58,1
DA:60,1
DA:61,2
DA:62,4
DA:64,2
DA:65,4
DA:67,2
DA:68,4
DA:70,2
DA:71,1
DA:72,5
DA:77,0
DA:79,0
DA:80,0
DA:81,0
DA:82,0
DA:83,0
DA:84,0
DA:85,0
DA:93,1
DA:95,1
DA:97,1
DA:98,3
DA:99,3
DA:100,3
DA:101,3
DA:102,1
DA:107,1
DA:108,1
DA:117,2
DA:120,4
DA:121,2
DA:125,4
DA:126,2
DA:130,4
DA:131,2
DA:135,2
DA:136,4
DA:138,2
DA:139,2
DA:140,2
DA:141,10
DA:142,2
DA:143,2
DA:144,1
DA:146,1
DA:150,1
DA:151,1
DA:152,1
DA:153,6
DA:155,0
DA:157,1
DA:158,1
DA:159,5
DA:161,0
DA:163,1
DA:164,1
DA:165,5
DA:167,0
DA:169,2
DA:173,2
DA:175,1
DA:177,0
DA:178,1
DA:179,3
DA:180,3
DA:181,3
DA:182,3
DA:183,3
DA:184,3
DA:185,3
DA:186,2
DA:187,3
DA:191,0
DA:193,0
DA:196,4
DA:207,1
DA:215,0
DA:222,0
DA:223,0
DA:224,0
DA:225,0
DA:226,0
DA:227,0
DA:228,0
DA:236,0
DA:237,0
DA:238,0
DA:239,0
DA:240,0
DA:241,0
DA:242,0
DA:246,0
DA:253,0
DA:254,0
DA:255,0
DA:256,0
DA:257,0
DA:258,0
DA:259,0
DA:263,1
DA:265,1
DA:266,2
DA:267,4
DA:269,2
DA:270,4
DA:272,2
DA:273,4
DA:275,2
DA:276,1
DA:277,5
DA:279,2
DA:280,4
DA:282,2
DA:283,4
DA:288,0
DA:290,0
DA:291,0
DA:292,0
DA:293,0
DA:294,0
DA:295,0
DA:296,0
DA:297,0
DA:298,0
DA:305,1
DA:307,1
DA:309,1
DA:310,3
DA:311,3
DA:312,3
DA:313,3
DA:314,3
DA:315,3
DA:316,1
DA:321,1
DA:322,1
DA:331,2
DA:334,4
DA:335,2
DA:339,4
DA:340,2
DA:346,4
DA:347,2
DA:351,2
DA:352,4
DA:354,4
DA:358,2
DA:359,4
DA:363,4
DA:364,2
DA:366,2
DA:368,14
DA:369,2
DA:370,2
DA:371,1
DA:373,1
DA:376,1
DA:377,1
DA:378,1
DA:379,6
DA:381,0
DA:383,1
DA:384,2
DA:385,4
DA:387,0
DA:389,1
DA:390,2
DA:391,4
DA:393,0
DA:395,2
DA:396,1
DA:397,1
DA:398,1
DA:399,2
DA:400,2
DA:402,0
DA:404,1
DA:405,2
DA:406,4
DA:408,0
DA:413,2
DA:415,1
DA:417,0
DA:418,1
DA:419,3
DA:420,3
DA:421,3
DA:422,3
DA:423,4
DA:424,2
DA:425,3
DA:426,2
DA:427,3
DA:428,4
DA:429,2
DA:430,3
DA:431,3
DA:435,0
DA:437,0
DA:440,4
DA:449,0
DA:455,0
DA:460,0
DA:461,0
DA:462,0
DA:463,0
DA:464,0
DA:470,0
DA:471,0
DA:472,0
DA:473,0
DA:474,0
DA:478,0
DA:483,0
DA:484,0
DA:485,0
DA:486,0
DA:487,0
DA:491,0
DA:493,0
DA:494,0
DA:495,0
DA:497,0
DA:498,0
DA:500,0
DA:501,0
DA:503,0
DA:504,0
DA:509,0
DA:511,0
DA:512,0
DA:513,0
DA:514,0
DA:515,0
DA:516,0
DA:517,0
DA:525,0
DA:527,0
DA:529,0
DA:530,0
DA:531,0
DA:532,0
DA:533,0
DA:534,0
DA:539,0
DA:540,0
DA:549,2
DA:552,4
DA:553,2
DA:557,4
DA:558,2
DA:562,4
DA:563,2
DA:567,4
DA:568,2
DA:570,2
DA:571,10
DA:572,2
DA:573,2
DA:574,0
DA:576,0
DA:580,0
DA:581,0
DA:582,0
DA:583,0
DA:585,0
DA:587,0
DA:588,0
DA:589,0
DA:591,0
DA:593,0
DA:594,0
DA:595,0
DA:597,0
DA:599,0
DA:600,0
DA:601,0
DA:602,0
DA:603,0
DA:605,0
DA:610,2
DA:612,0
DA:614,0
DA:615,0
DA:616,0
DA:617,0
DA:618,0
DA:619,0
DA:620,0
DA:621,0
DA:622,0
DA:623,0
DA:627,0
DA:629,0
DA:639,0
DA:645,0
DA:647,0
DA:648,0
DA:649,0
DA:650,0
DA:651,0
DA:652,0
DA:656,0
DA:657,0
DA:658,0
DA:659,0
DA:660,0
DA:661,0
DA:662,0
DA:666,0
DA:668,0
DA:669,0
DA:670,0
DA:671,0
DA:672,0
DA:673,0
DA:674,0
DA:677,0
DA:679,0
DA:680,0
DA:681,0
DA:682,0
DA:683,0
DA:684,0
DA:685,0
DA:689,0
DA:691,0
DA:692,0
DA:693,0
DA:694,0
DA:695,0
DA:696,0
DA:698,0
DA:700,0
DA:701,0
DA:702,0
DA:703,0
DA:704,0
DA:705,0
DA:706,0
DA:707,0
DA:710,0
DA:711,0
DA:712,0
DA:715,0
DA:716,0
DA:717,0
DA:718,0
DA:719,0
DA:720,0
DA:729,0
DA:736,0
DA:742,0
DA:743,0
DA:744,0
DA:745,0
DA:746,0
DA:753,0
DA:754,0
DA:755,0
DA:756,0
DA:757,0
DA:758,0
DA:762,0
DA:768,0
DA:769,0
DA:770,0
DA:771,0
DA:772,0
DA:773,0
DA:777,0
DA:779,0
DA:780,0
DA:781,0
DA:783,0
DA:784,0
DA:786,0
DA:787,0
DA:789,0
DA:790,0
DA:792,0
DA:793,0
DA:798,0
DA:800,0
DA:801,0
DA:802,0
DA:803,0
DA:804,0
DA:805,0
DA:806,0
DA:807,0
DA:816,2
DA:819,4
DA:820,2
DA:826,4
DA:827,2
DA:831,4
DA:832,2
DA:836,4
DA:837,2
DA:841,4
DA:842,2
DA:844,2
DA:845,12
DA:846,2
DA:847,2
DA:848,0
DA:850,0
DA:853,0
DA:854,0
DA:855,0
DA:856,0
DA:858,0
DA:859,0
DA:860,0
DA:862,0
DA:864,0
DA:865,0
DA:866,0
DA:868,0
DA:870,0
DA:871,0
DA:872,0
DA:874,0
DA:876,0
DA:877,0
DA:878,0
DA:880,0
DA:885,2
DA:886,2
DA:887,0
DA:889,0
DA:890,0
DA:891,0
DA:892,0
DA:893,0
DA:894,0
DA:895,0
DA:896,0
DA:897,0
DA:898,0
DA:899,0
DA:900,0
DA:904,0
DA:906,0
DA:911,4
DA:912,2
DA:913,2
DA:914,4
DA:915,4
DA:916,4
DA:917,0
DA:919,0
DA:920,2
DA:922,10
LF:474
LH:186
end_of_record
SF:lib/data/app_db/app_db.dart
DA:17,1
DA:19,1
DA:20,1
DA:23,0
DA:24,0
DA:25,0
DA:26,0
DA:27,0
DA:34,4
DA:36,2
DA:40,1
DA:41,2
DA:42,2
DA:43,5
DA:44,4
DA:45,2
DA:46,2
DA:47,1
DA:49,1
DA:53,0
DA:54,0
DA:55,0
DA:56,0
DA:57,0
DA:58,0
DA:60,0
DA:64,0
DA:65,0
DA:66,0
DA:70,0
DA:71,0
DA:75,0
DA:76,0
DA:80,1
DA:81,3
DA:85,0
DA:86,0
DA:90,1
DA:91,3
DA:95,1
DA:96,3
DA:100,0
DA:101,0
DA:102,0
DA:106,0
DA:107,0
DA:111,0
DA:112,0
DA:117,0
DA:118,0
DA:119,0
DA:120,0
DA:122,0
DA:124,0
DA:127,0
DA:129,0
DA:130,0
DA:135,0
DA:136,0
DA:137,0
DA:138,0
DA:140,0
DA:145,0
DA:146,0
DA:151,0
DA:152,0
DA:153,0
DA:154,0
DA:155,0
LF:69
LH:20
end_of_record
SF:lib/get_it.dart
DA:40,6
DA:42,2
DA:44,4
DA:45,2
DA:47,4
DA:48,2
DA:50,4
DA:51,2
DA:53,4
DA:54,4
DA:55,2
DA:59,4
DA:60,6
DA:61,2
DA:62,8
DA:63,10
DA:64,10
DA:65,10
DA:66,6
DA:67,10
DA:70,4
DA:71,4
DA:72,4
DA:73,4
DA:74,4
DA:75,4
DA:76,4
DA:77,4
DA:78,4
DA:79,4
DA:80,4
DA:81,4
DA:82,4
DA:83,4
DA:84,4
DA:85,0
DA:86,4
DA:87,4
LF:38
LH:37
end_of_record
SF:lib/units/create_expense/data/model/item_operation_model.dart
DA:8,1
DA:19,1
DA:26,1
DA:27,1
DA:36,0
DA:42,0
DA:43,0
DA:44,0
DA:45,0
DA:46,0
LF:10
LH:4
end_of_record
SF:lib/data/entity/balance_cards.dart
DA:6,0
DA:7,0
DA:8,0
DA:9,0
LF:4
LH:0
end_of_record
SF:lib/data/entity/categories.dart
DA:8,0
DA:9,0
DA:10,0
DA:11,0
LF:4
LH:0
end_of_record
SF:lib/data/entity/currency.dart
DA:4,0
DA:5,0
DA:6,0
DA:7,0
DA:8,0
LF:5
LH:0
end_of_record
SF:lib/data/entity/note_operation.dart
DA:7,0
DA:8,0
DA:9,0
DA:10,0
DA:11,0
DA:12,0
LF:6
LH:0
end_of_record
SF:lib/units/balance_cards/data/models/item_balance_card_model.dart
DA:9,0
DA:18,0
DA:23,0
DA:24,0
DA:30,0
DA:31,0
LF:6
LH:0
end_of_record
SF:lib/units/balance_cards/data/models/item_balance_card_model.g.dart
DA:11,0
DA:12,0
DA:13,0
DA:14,0
DA:15,0
DA:16,0
DA:19,0
DA:20,0
DA:21,0
DA:22,0
DA:23,0
DA:24,0
LF:12
LH:0
end_of_record
SF:lib/units/start_screen/data/model/categories.dart
DA:9,1
DA:18,0
DA:20,1
DA:25,1
DA:26,1
LF:5
LH:4
end_of_record
SF:lib/units/add_balance_card/cubit/add_new_balance_card_cubit.dart
DA:14,0
DA:17,0
DA:30,0
DA:31,0
DA:32,0
DA:33,0
DA:34,0
DA:35,0
DA:36,0
DA:42,0
DA:43,0
DA:44,0
DA:45,0
DA:49,0
DA:50,0
DA:51,0
DA:52,0
DA:56,0
DA:57,0
DA:58,0
DA:59,0
DA:61,0
DA:67,0
DA:68,0
DA:69,0
DA:70,0
DA:71,0
DA:72,0
DA:79,0
DA:80,0
DA:81,0
DA:82,0
DA:83,0
DA:84,0
DA:85,0
DA:91,0
DA:92,0
DA:93,0
DA:94,0
DA:95,0
DA:97,0
DA:100,0
DA:101,0
DA:103,0
DA:105,0
DA:106,0
DA:107,0
LF:47
LH:0
end_of_record
SF:lib/units/balance_cards/data/repositories/balance_cards_repo_impl.dart
DA:11,2
DA:17,0
DA:18,0
DA:19,0
DA:20,0
DA:21,0
DA:22,0
DA:24,0
DA:26,0
DA:29,0
DA:30,0
DA:33,0
DA:39,0
DA:44,0
DA:45,0
DA:46,0
DA:49,0
DA:51,0
DA:52,0
DA:55,0
DA:57,0
DA:61,0
DA:62,0
DA:65,0
DA:66,0
DA:67,0
DA:68,0
DA:70,0
DA:71,0
DA:79,0
DA:82,0
DA:84,0
DA:86,0
DA:87,0
LF:34
LH:1
end_of_record
SF:lib/units/balance_cards/data/repositories/currencies_repo_impl.dart
DA:11,2
DA:21,0
DA:22,0
DA:23,0
DA:24,0
DA:25,0
DA:26,0
DA:28,0
DA:30,0
DA:31,0
DA:33,0
DA:34,0
DA:39,0
DA:41,0
DA:44,0
DA:46,0
DA:47,0
DA:50,0
DA:52,0
DA:53,0
LF:20
LH:1
end_of_record
SF:lib/units/balance_cards/data/services/balance_cards_service.dart
DA:30,2
DA:32,0
DA:34,0
DA:37,0
DA:39,0
DA:52,0
DA:55,0
DA:58,0
DA:59,0
DA:60,0
DA:62,0
DA:65,0
DA:68,0
DA:70,0
DA:73,0
DA:75,0
DA:78,0
DA:80,0
LF:18
LH:1
end_of_record
SF:lib/units/balance_cards/view/cubits/balance_card_cubit/balance_card_cubit.dart
DA:15,0
DA:20,0
DA:24,0
DA:25,0
DA:26,0
DA:27,0
DA:28,0
DA:29,0
DA:30,0
DA:31,0
DA:34,0
DA:35,0
DA:37,0
DA:41,0
DA:42,0
DA:43,0
DA:44,0
DA:45,0
DA:46,0
DA:47,0
DA:51,0
DA:52,0
DA:53,0
DA:54,0
DA:56,0
DA:57,0
DA:58,0
DA:59,0
LF:28
LH:0
end_of_record
SF:lib/units/balance_cards/view/cubits/scroll_balance_cubit/cubit/scroll_balance_cubit.dart
DA:8,0
DA:10,0
DA:11,0
LF:3
LH:0
end_of_record
SF:lib/units/create_expense/components/date_title/cubit/date_picker_state.dart
DA:10,0
LF:1
LH:0
end_of_record
SF:lib/units/create_expense/components/date_title/cubit/date_picker_cubit.dart
DA:8,0
DA:12,0
DA:13,0
DA:14,0
DA:17,0
DA:18,0
DA:20,0
DA:21,0
DA:22,0
DA:26,0
DA:29,0
LF:11
LH:0
end_of_record
SF:lib/units/create_expense/components/operation_category/cubit/operation_category_state.dart
DA:4,0
DA:6,0
DA:7,0
DA:15,0
DA:17,0
DA:18,0
LF:6
LH:0
end_of_record
SF:lib/units/create_expense/components/operation_category/cubit/operation_category_cubit.dart
DA:10,0
DA:14,0
DA:15,0
DA:16,0
DA:19,0
DA:20,0
DA:21,0
DA:22,0
DA:23,0
DA:24,0
LF:10
LH:0
end_of_record
SF:lib/units/create_expense/cubit/change_categories_cubit/change_categories_state.dart
DA:9,0
DA:14,0
LF:2
LH:0
end_of_record
SF:lib/units/create_expense/cubit/change_categories_cubit/change_categories_cubit.dart
DA:10,0
DA:14,0
DA:15,0
DA:16,0
DA:17,0
DA:20,0
DA:21,0
DA:22,0
DA:24,0
LF:9
LH:0
end_of_record
SF:lib/units/create_expense/cubit/create_operation_cubit/cubit/create_operation_cubit.dart
DA:10,0
DA:16,0
DA:17,0
DA:20,0
DA:21,0
DA:22,0
DA:25,0
DA:26,0
DA:28,0
DA:31,0
DA:32,0
DA:35,0
DA:36,0
DA:37,0
DA:38,0
DA:39,0
DA:41,0
DA:43,0
DA:46,0
DA:48,0
DA:49,0
DA:50,0
DA:51,0
DA:52,0
DA:54,0
DA:56,0
DA:60,0
DA:61,0
DA:62,0
DA:64,0
LF:30
LH:0
end_of_record
SF:lib/units/create_expense/cubit/create_operation_cubit/cubit/create_operation_state.dart
DA:4,0
DA:6,0
DA:7,0
DA:11,0
DA:12,0
DA:14,0
DA:19,0
DA:20,0
DA:22,0
DA:27,0
DA:28,0
DA:30,0
DA:35,0
DA:36,0
DA:38,0
DA:43,0
DA:44,0
DA:46,0
LF:18
LH:0
end_of_record
SF:lib/units/create_expense/data/repositories/create_operation_repo_impl.dart
DA:11,2
DA:15,0
DA:22,0
DA:27,0
DA:30,0
DA:31,0
DA:33,0
DA:38,0
DA:40,0
LF:9
LH:1
end_of_record
SF:lib/units/create_expense/data/services/create_operation_service.dart
DA:9,0
DA:11,0
DA:12,0
LF:3
LH:0
end_of_record
SF:lib/units/home/cubit/month_change_cubit.dart
DA:8,0
DA:12,0
DA:13,0
DA:14,0
DA:15,0
DA:16,0
DA:17,0
DA:21,0
DA:22,0
DA:25,0
DA:26,0
DA:29,0
DA:30,0
LF:13
LH:0
end_of_record
SF:lib/units/last_operationes/cubit/last_operationes_cubit.dart
DA:15,0
DA:17,0
DA:19,0
DA:20,0
DA:21,0
DA:22,0
DA:25,0
DA:26,0
DA:27,0
DA:30,0
DA:31,0
DA:33,0
DA:34,0
DA:35,0
DA:39,0
DA:40,0
DA:42,0
DA:43,0
DA:44,0
DA:46,0
DA:49,0
DA:50,0
DA:54,0
DA:55,0
LF:24
LH:0
end_of_record
SF:lib/units/last_operationes/data/repo/last_operationes_repo_impl.dart
DA:10,2
DA:16,0
DA:17,0
DA:19,0
DA:20,0
DA:22,0
DA:24,0
DA:25,0
DA:28,0
DA:29,0
DA:31,0
DA:33,0
DA:36,0
DA:38,0
DA:40,0
DA:44,0
DA:45,0
DA:46,0
DA:48,0
DA:54,0
DA:56,0
LF:21
LH:1
end_of_record
SF:lib/units/last_operationes/data/services/last_operationes_services.dart
DA:9,0
DA:11,0
LF:2
LH:0
end_of_record
SF:lib/units/navigation/components/cubits/float_button_hide_cubit/cubit/float_button_vis_state.dart
DA:10,0
LF:1
LH:0
end_of_record
SF:lib/units/navigation/components/cubits/float_button_hide_cubit/cubit/float_button_vis_cubit.dart
DA:8,0
DA:12,0
DA:13,0
DA:14,0
DA:15,0
DA:16,0
DA:17,0
DA:18,0
DA:19,0
DA:20,0
DA:26,0
DA:27,0
DA:28,0
DA:29,0
DA:33,0
DA:34,0
DA:35,0
DA:36,0
LF:18
LH:0
end_of_record
SF:lib/units/navigation/cubit/navigation_state.dart
DA:12,0
LF:1
LH:0
end_of_record
SF:lib/units/navigation/cubit/navigation_cubit.dart
DA:10,0
DA:18,0
DA:19,0
DA:20,0
DA:21,0
DA:22,0
DA:23,0
DA:24,0
DA:28,0
DA:29,0
DA:30,0
DA:31,0
DA:32,0
DA:33,0
LF:14
LH:0
end_of_record
SF:lib/units/new_balance_card/data/create_balance_card_dervice.dart
DA:8,0
DA:10,0
LF:2
LH:0
end_of_record
SF:lib/units/new_balance_card/data/create_balance_card_repo_impl.dart
DA:8,2
DA:13,0
DA:15,0
DA:16,0
DA:18,0
DA:22,0
DA:24,0
DA:26,0
DA:28,0
DA:31,0
DA:33,0
DA:34,0
DA:36,0
LF:13
LH:1
end_of_record
SF:lib/units/new_balance_card/view/cubits/balance_amount_cubit/balance_amount_cubit.dart
DA:9,0
DA:13,0
DA:14,0
DA:15,0
DA:18,0
DA:21,0
DA:22,0
DA:24,0
DA:25,0
DA:26,0
DA:28,0
LF:11
LH:0
end_of_record
SF:lib/units/new_balance_card/view/cubits/create_name_cubit/cubit/create_card_name_cubit copy.dart
DA:9,0
DA:14,0
DA:15,0
DA:16,0
DA:17,0
DA:18,0
DA:21,0
DA:22,0
DA:23,0
DA:24,0
DA:25,0
DA:26,0
DA:27,0
DA:31,0
DA:33,0
DA:34,0
DA:35,0
LF:17
LH:0
end_of_record
SF:lib/units/new_balance_card/view/cubits/search_currency_cubit/search_currency_cubit.dart
DA:10,0
DA:11,0
DA:17,0
DA:18,0
DA:19,0
DA:20,0
DA:21,0
DA:22,0
DA:23,0
DA:24,0
DA:29,0
DA:30,0
DA:31,0
DA:34,0
DA:35,0
DA:36,0
DA:37,0
DA:38,0
DA:39,0
DA:40,0
DA:41,0
DA:43,0
DA:48,0
DA:49,0
DA:51,0
DA:52,0
DA:53,0
DA:54,0
DA:55,0
DA:56,0
DA:59,0
DA:60,0
DA:61,0
DA:64,0
DA:65,0
DA:66,0
DA:67,0
DA:69,0
DA:74,0
DA:79,0
DA:80,0
DA:81,0
DA:82,0
DA:85,0
DA:86,0
DA:87,0
LF:46
LH:0
end_of_record
SF:lib/units/new_balance_card/view/cubits/select_currency_cubit/select_currency_cubit.dart
DA:12,0
DA:15,0
DA:19,0
DA:20,0
DA:21,0
DA:22,0
DA:24,0
DA:27,0
DA:28,0
DA:31,0
DA:32,0
DA:33,0
DA:36,0
DA:38,0
DA:39,0
DA:40,0
LF:16
LH:0
end_of_record
SF:lib/units/start_screen/data/repositories/start_screen_repo_impl.dart
DA:9,2
DA:11,0
DA:13,0
DA:16,0
DA:18,0
DA:21,0
DA:23,0
LF:7
LH:1
end_of_record
SF:lib/units/start_screen/data/services/start_screen_service.dart
DA:31,1
DA:33,1
DA:35,1
DA:42,0
DA:47,0
DA:49,0
DA:53,0
DA:58,0
DA:59,0
DA:60,0
DA:63,0
DA:64,0
DA:65,0
DA:67,0
DA:68,0
DA:69,0
DA:70,0
DA:71,0
DA:77,0
DA:78,0
DA:79,0
DA:80,0
DA:81,0
DA:86,1
DA:91,2
DA:92,2
DA:93,2
DA:94,1
DA:95,1
DA:96,1
DA:99,3
DA:103,1
DA:105,2
DA:108,0
DA:110,0
DA:111,0
DA:112,0
DA:113,0
DA:115,0
DA:116,0
DA:117,0
DA:118,0
DA:120,0
LF:43
LH:13
end_of_record
SF:lib/units/start_screen/view/cubit/start_screen_cubit.dart
DA:11,0
DA:14,0
DA:16,0
DA:17,0
DA:18,0
DA:22,0
DA:24,0
DA:25,0
DA:26,0
DA:27,0
DA:29,0
DA:30,0
DA:31,0
DA:32,0
LF:14
LH:0
end_of_record
SF:lib/units/last_operationes/data/repo/month_repository_impl.dart
DA:8,2
DA:16,0
DA:17,0
DA:19,0
DA:20,0
DA:22,0
DA:25,0
DA:27,0
DA:28,0
DA:30,0
DA:33,0
DA:34,0
DA:36,0
DA:38,0
DA:39,0
DA:42,0
DA:44,0
LF:17
LH:1
end_of_record
SF:lib/units/navigation/components/cubits/bottom_hide_cubit/bottom_hide_state.dart
DA:10,0
LF:1
LH:0
end_of_record
SF:lib/units/navigation/components/cubits/bottom_hide_cubit/bottom_hide_cubit.dart
DA:8,0
DA:12,0
DA:13,0
DA:14,0
DA:15,0
DA:16,0
DA:17,0
DA:18,0
DA:19,0
DA:20,0
DA:26,0
DA:27,0
DA:28,0
DA:29,0
DA:33,0
DA:34,0
DA:35,0
DA:36,0
LF:18
LH:0
end_of_record
SF:lib/units/add_balance_card/cubit/add_new_balance_card_state.dart
DA:7,0
DA:8,0
DA:10,0
DA:15,0
DA:16,0
DA:18,0
DA:25,0
DA:26,0
DA:27,0
DA:29,0
DA:34,0
DA:35,0
DA:37,0
LF:13
LH:0
end_of_record
SF:lib/units/balance_cards/data/models/month_operation_amount_model.dart
DA:7,0
DA:12,0
DA:16,0
DA:17,0
DA:18,0
DA:21,0
DA:22,0
DA:24,0
LF:8
LH:0
end_of_record
SF:lib/units/balance_cards/view/cubits/balance_card_cubit/balance_card_state.dart
DA:9,0
DA:10,0
DA:12,0
DA:20,0
DA:26,0
DA:28,0
DA:30,0
LF:7
LH:0
end_of_record
SF:lib/units/balance_cards/view/cubits/scroll_balance_cubit/cubit/scroll_balance_state.dart
DA:8,0
DA:9,0
DA:11,0
DA:18,0
DA:20,0
DA:21,0
DA:23,0
LF:7
LH:0
end_of_record
SF:lib/units/home/cubit/month_change_state.dart
DA:7,0
DA:8,0
DA:10,0
DA:18,0
DA:19,0
DA:20,0
DA:22,0
LF:7
LH:0
end_of_record
SF:lib/units/last_operationes/cubit/last_operationes_state.dart
DA:7,0
DA:8,0
DA:12,0
DA:13,0
DA:18,0
DA:19,0
DA:20,0
DA:24,0
DA:25,0
DA:29,0
DA:30,0
LF:11
LH:0
end_of_record
SF:lib/units/new_balance_card/view/cubits/balance_amount_cubit/balance_amount_state.dart
DA:8,0
DA:9,0
DA:11,0
DA:16,0
DA:17,0
DA:19,0
DA:24,0
DA:25,0
DA:27,0
DA:35,0
DA:37,0
DA:38,0
DA:40,0
LF:13
LH:0
end_of_record
SF:lib/units/new_balance_card/view/cubits/create_name_cubit/cubit/create_card_name_state.dart
DA:7,0
DA:8,0
DA:10,0
DA:15,0
DA:16,0
DA:18,0
DA:25,0
DA:30,0
DA:31,0
DA:33,0
DA:38,0
DA:39,0
DA:41,0
LF:13
LH:0
end_of_record
SF:lib/units/new_balance_card/view/cubits/search_currency_cubit/search_currency_state.dart
DA:8,0
DA:9,0
DA:11,0
DA:20,0
DA:26,0
DA:27,0
DA:28,0
DA:29,0
DA:30,0
DA:33,0
DA:41,0
DA:46,0
DA:47,0
DA:49,0
DA:54,0
DA:55,0
DA:57,0
LF:17
LH:0
end_of_record
SF:lib/units/new_balance_card/view/cubits/select_currency_cubit/select_currency_state.dart
DA:7,0
DA:8,0
DA:13,0
DA:15,0
DA:16,0
DA:20,0
DA:21,0
DA:25,0
DA:26,0
LF:9
LH:0
end_of_record
SF:lib/units/start_screen/view/cubit/start_screen_state.dart
DA:6,0
DA:7,0
DA:9,0
DA:14,0
DA:15,0
DA:17,0
DA:22,0
DA:23,0
DA:25,0
DA:30,0
DA:31,0
DA:33,0
LF:12
LH:0
end_of_record
